<?xml version="1.0" encoding="UTF-8"?>
<!-- Generated by org.testng.reporters.JUnitReportReporter -->
<testsuite hostname="DESKTOP-0R4V30I" failures="0" tests="7" name="genericlib.Program2" time="0.036" errors="0" timestamp="2024-07-23T22:17:04 IST" skipped="0">
  <testcase classname="genericlib.Program2" name="CreateUser" time="0.007"/>
  <system-out/>
  <testcase classname="genericlib.Program2" name="CreateUser" time="0.004"/>
  <system-out/>
  <testcase classname="genericlib.Program2" name="CreateUser" time="0.003"/>
  <system-out/>
  <testcase classname="genericlib.Program2" name="CreateUser" time="0.004"/>
  <system-out/>
  <testcase classname="genericlib.Program2" name="CreateUser" time="0.012"/>
  <system-out/>
  <testcase classname="genericlib.Program2" name="ModifyUser" time="0.002"/>
  <system-out/>
  <testcase classname="genericlib.Program2" name="DeleteUser" time="0.004"/>
  <system-out/>
</testsuite> <!-- genericlib.Program2 -->
