<?xml version="1.0" encoding="UTF-8"?>
<!-- Generated by org.testng.reporters.JUnitReportReporter -->
<testsuite hostname="DESKTOP-0R4V30I" failures="0" tests="3" name="genericlib.Program1" time="0.022" errors="0" timestamp="2024-07-22T11:55:24 IST" skipped="0">
  <testcase classname="genericlib.Program1" name="CreateUser" time="0.011"/>
  <system-out/>
  <testcase classname="genericlib.Program1" name="ModifyUser" time="0.006"/>
  <system-out/>
  <testcase classname="genericlib.Program1" name="DeleteUser" time="0.005"/>
  <system-out/>
</testsuite> <!-- genericlib.Program1 -->
